2017/05/16 19:57:25 にビルドを開始しました。
     1>ノード 2 上のプロジェクト "C:\Users\0133752\Documents\Visual Studio 2013\Projects\ClothoidCurve\ClothoidCurve\ClothoidCurve.vcxproj" (Build ターゲット)。
     1>ClCompile:
         C:\Program Files (x86)\Microsoft Visual Studio 12.0\VC\bin\CL.exe /c /IC:\opencv\build\include /ZI /nologo /W3 /WX- /sdl /Od /Oy- /D WIN32 /D _DEBUG /D _CONSOLE /D _LIB /D _UNICODE /D UNICODE /Gm /EHsc /RTC1 /MDd /GS /fp:precise /Zc:wchar_t /Zc:forScope /Fo"Debug\\" /Fd"Debug\vc120.pdb" /Gd /TP /analyze- /errorReport:prompt main.cpp
         main.cpp
     1>c:\opencv\build\include\opencv2\core\mat.hpp(1965): warning C4819: ファイルは、現在のコード ページ (932) で表示できない文字を含んでいます。データの損失を防ぐために、ファイルを Unicode 形式で保存してください。
     1>c:\opencv\build\include\opencv2\core\persistence.hpp : warning C4819: ファイルは、現在のコード ページ (932) で表示できない文字を含んでいます。データの損失を防ぐために、ファイルを Unicode 形式で保存してください。
     1>c:\opencv\build\include\opencv2\core\utility.hpp : warning C4819: ファイルは、現在のコード ページ (932) で表示できない文字を含んでいます。データの損失を防ぐために、ファイルを Unicode 形式で保存してください。
     1>c:\users\0133752\documents\visual studio 2013\projects\clothoidcurve\clothoidcurve\clothoidcurve.hpp(46): warning C4244: '引数' : 'double' から 'int' への変換です。データが失われる可能性があります。
     1>c:\users\0133752\documents\visual studio 2013\projects\clothoidcurve\clothoidcurve\clothoidcurve.hpp(47): warning C4244: '引数' : 'double' から 'int' への変換です。データが失われる可能性があります。
     1>c:\users\0133752\documents\visual studio 2013\projects\clothoidcurve\clothoidcurve\clothoidcurve.hpp(51): warning C4244: '引数' : 'double' から 'int' への変換です。データが失われる可能性があります。
     1>c:\users\0133752\documents\visual studio 2013\projects\clothoidcurve\clothoidcurve\clothoidcurve.hpp(55): warning C4244: '引数' : 'double' から 'int' への変換です。データが失われる可能性があります。
     1>c:\users\0133752\documents\visual studio 2013\projects\clothoidcurve\clothoidcurve\clothoidcurve.hpp(65): warning C4101: 'r' : ローカル変数は 1 度も使われていません。
     1>c:\users\0133752\documents\visual studio 2013\projects\clothoidcurve\clothoidcurve\main.cpp(62): warning C4018: '<' : signed と unsigned の数値を比較しようとしました。
       Link:
         C:\Program Files (x86)\Microsoft Visual Studio 12.0\VC\bin\link.exe /ERRORREPORT:PROMPT /OUT:"C:\Users\0133752\Documents\Visual Studio 2013\Projects\ClothoidCurve\Debug\ClothoidCurve.exe" /INCREMENTAL /NOLOGO kernel32.lib user32.lib gdi32.lib winspool.lib comdlg32.lib advapi32.lib shell32.lib ole32.lib oleaut32.lib uuid.lib odbc32.lib odbccp32.lib /MANIFEST /MANIFESTUAC:"level='asInvoker' uiAccess='false'" /manifest:embed /DEBUG /PDB:"C:\Users\0133752\Documents\Visual Studio 2013\Projects\ClothoidCurve\Debug\ClothoidCurve.pdb" /SUBSYSTEM:CONSOLE /TLBID:1 /DYNAMICBASE /NXCOMPAT /IMPLIB:"C:\Users\0133752\Documents\Visual Studio 2013\Projects\ClothoidCurve\Debug\ClothoidCurve.lib" /MACHINE:X86 Debug\main.obj
         ClothoidCurve.vcxproj -> C:\Users\0133752\Documents\Visual Studio 2013\Projects\ClothoidCurve\Debug\ClothoidCurve.exe
     1>プロジェクト "C:\Users\0133752\Documents\Visual Studio 2013\Projects\ClothoidCurve\ClothoidCurve\ClothoidCurve.vcxproj" (Build ターゲット) のビルドが完了しました。

ビルドに成功しました。

経過時間 00:00:01.25
